{February 21st 2024, 3:01:22 pm } [PH] info database connection successful 
{February 21st 2024, 3:01:22 pm } [PH] info server started on port 2000 
{February 21st 2024, 3:01:40 pm } [PH] info database connection successful 
{February 21st 2024, 3:01:40 pm } [PH] info server started on port 2000 
{February 21st 2024, 3:06:19 pm } [PH] info database connection successful 
{February 21st 2024, 3:06:19 pm } [PH] info server started on port 2000 
{February 21st 2024, 3:08:43 pm } [PH] info database connection successful 
{February 21st 2024, 3:08:43 pm } [PH] info server started on port 2000 
{February 21st 2024, 3:09:02 pm } [PH] info database connection successful 
{February 21st 2024, 3:09:02 pm } [PH] info server started on port 2000 
{February 21st 2024, 3:09:22 pm } [PH] info database connection successful 
{February 21st 2024, 3:09:22 pm } [PH] info server started on port 2000 
{February 21st 2024, 3:09:55 pm } [PH] info database connection successful 
{February 21st 2024, 3:09:55 pm } [PH] info server started on port 2000 
{February 21st 2024, 3:11:33 pm } [PH] info database connection successful 
{February 21st 2024, 3:11:33 pm } [PH] info server started on port 2000 
{February 21st 2024, 3:12:09 pm } [PH] info database connection successful 
{February 21st 2024, 3:12:09 pm } [PH] info server started on port 2000 
{February 21st 2024, 3:12:31 pm } [PH] info database connection successful 
{February 21st 2024, 3:12:31 pm } [PH] info server started on port 2000 
{February 21st 2024, 3:14:32 pm } [PH] info database connection successful 
{February 21st 2024, 3:14:32 pm } [PH] info server started on port 2000 
{February 21st 2024, 3:15:52 pm } [PH] info database connection successful 
{February 21st 2024, 3:15:52 pm } [PH] info server started on port 2000 
{February 21st 2024, 3:16:33 pm } [PH] info database connection successful 
{February 21st 2024, 3:16:33 pm } [PH] info server started on port 2000 
{February 21st 2024, 3:17:05 pm } [PH] info database connection successful 
{February 21st 2024, 3:17:05 pm } [PH] info [32mserver started on port 2000[39m 
{February 21st 2024, 3:17:41 pm } [PH] info [32mdatabase connection successful[39m 
{February 21st 2024, 3:17:41 pm } [PH] info [33mserver started on port 2000[39m 
{February 21st 2024, 3:18:06 pm } [PH] info [32mdatabase connection successful[39m 
{February 21st 2024, 3:18:06 pm } [PH] info [33mserver started on port 2000[39m 
{February 21st 2024, 3:18:32 pm } [PH] info [32mdatabase connection successful[39m 
{February 21st 2024, 3:18:32 pm } [PH] info [33mserver started on port 2000[39m 
{February 21st 2024, 3:19:28 pm } [PH] info [32mdatabase connection successful[39m 
{February 21st 2024, 3:19:28 pm } [PH] info [33mserver started on port 2000[39m 
{February 21st 2024, 3:20:09 pm } [PH] info [32mdatabase connection successful[39m 
{February 21st 2024, 3:20:09 pm } [PH] info [33mserver started on port 2000[39m 
{February 21st 2024, 3:21:06 pm } [PH] info [32mdatabase connection successful[39m 
{February 21st 2024, 3:21:06 pm } [PH] info [33mserver started on port 2000[39m 
{February 21st 2024, 3:21:55 pm } [PH] info [32mdatabase connection successful[39m 
{February 21st 2024, 3:21:55 pm } [PH] info [33mserver started on port 2000[39m 
{February 21st 2024, 3:22:14 pm } [PH] info [32mdatabase connection successful[39m 
{February 21st 2024, 3:22:14 pm } [PH] info [33mserver started on port 2000[39m 
{February 21st 2024, 3:22:22 pm } [PH] info undefined 
{February 21st 2024, 3:22:22 pm } [PH] info undefined 
{February 21st 2024, 3:22:38 pm } [PH] info [32mdatabase connection successful[39m 
{February 21st 2024, 3:22:38 pm } [PH] info [33mserver started on port 2000[39m 
{February 21st 2024, 3:23:10 pm } [PH] info [32mdatabase connection successful[39m 
{February 21st 2024, 3:23:10 pm } [PH] info [33mserver started on port 2000[39m 
{February 21st 2024, 3:23:52 pm } [PH] info [32mdatabase connection successful[39m 
{February 21st 2024, 3:23:52 pm } [PH] info [33mserver started on port 2000[39m 
{February 21st 2024, 3:24:10 pm } [PH] info [32mdatabase connection successful[39m 
{February 21st 2024, 3:24:10 pm } [PH] info [33mserver started on port 2000[39m 
{February 21st 2024, 3:24:34 pm } [PH] info [32mdatabase connection successful[39m 
{February 21st 2024, 3:24:34 pm } [PH] info [33mserver started on port 2000[39m 
{February 21st 2024, 3:24:47 pm } [PH] info [32mdatabase connection successful[39m 
{February 21st 2024, 3:24:47 pm } [PH] info [33mserver started on port 2000[39m 
{February 21st 2024, 3:25:39 pm } [PH] info [32mdatabase connection successful[39m 
{February 21st 2024, 3:25:39 pm } [PH] info [33mserver started on port 2000[39m 
{February 21st 2024, 3:26:18 pm } [PH] info [32mdatabase connection successful[39m 
{February 21st 2024, 3:26:18 pm } [PH] info [33mserver started on port 2000[39m 
{February 21st 2024, 3:27:10 pm } [PH] info [32mdatabase connection successful[39m 
{February 21st 2024, 3:27:10 pm } [PH] info [33mserver started on port 2000[39m 
{February 21st 2024, 3:37:46 pm } [PH] info [32mdatabase connection successful[39m 
{February 21st 2024, 3:37:46 pm } [PH] info [33mserver started on port 2000[39m 
{February 21st 2024, 3:38:00 pm } [PH] info [32mdatabase connection successful[39m 
{February 21st 2024, 3:38:00 pm } [PH] info [33mserver started on port 2000[39m 
{February 21st 2024, 3:38:27 pm } [PH] info [32mdatabase connection successful[39m 
{February 21st 2024, 3:38:27 pm } [PH] info [33mserver started on port 2000[39m 
{February 21st 2024, 3:38:49 pm } [PH] info [32mdatabase connection successful[39m 
{February 21st 2024, 3:38:49 pm } [PH] info [33mserver started on port 2000[39m 
{February 21st 2024, 3:39:10 pm } [PH] info [32mdatabase connection successful[39m 
{February 21st 2024, 3:39:10 pm } [PH] info [33mserver started on port 2000[39m 
{February 21st 2024, 3:40:23 pm } [PH] info [32mdatabase connection successful[39m 
{February 21st 2024, 3:40:23 pm } [PH] info [33mserver started on port 2000[39m 
{February 21st 2024, 3:40:48 pm } [PH] info [32mdatabase connection successful[39m 
{February 21st 2024, 3:40:48 pm } [PH] info [33mserver started on port 2000[39m 
{February 21st 2024, 3:41:30 pm } [PH] info [32mdatabase connection successful[39m 
{February 21st 2024, 3:41:30 pm } [PH] info [33mserver started on port 2000[39m 
{February 21st 2024, 3:42:24 pm } [PH] info [32mdatabase connection successful[39m 
{February 21st 2024, 3:42:24 pm } [PH] info [33mserver started on port 2000[39m 
{February 21st 2024, 3:42:57 pm } [PH] info [32mdatabase connection successful[39m 
{February 21st 2024, 3:42:57 pm } [PH] info [33mserver started on port 2000[39m 
{February 21st 2024, 3:45:20 pm } [PH] info [32mdatabase connection successful[39m 
{February 21st 2024, 3:45:20 pm } [PH] info [33mserver started on port 2000[39m 
{February 21st 2024, 3:45:50 pm } [PH] info [32mdatabase connection successful[39m 
{February 21st 2024, 3:45:50 pm } [PH] info [33mserver started on port 2000[39m 
{February 21st 2024, 3:46:21 pm } [PH] info [32mdatabase connection successful[39m 
{February 21st 2024, 3:46:21 pm } [PH] info [33mserver started on port 2000[39m 
{February 21st 2024, 3:46:53 pm } [PH] info [32mdatabase connection successful[39m 
{February 21st 2024, 3:46:53 pm } [PH] info [33mserver started on port 2000[39m 
{February 21st 2024, 3:47:40 pm } [PH] info [32mdatabase connection successful[39m 
{February 21st 2024, 3:47:40 pm } [PH] info [33mserver started on port 2000[39m 
{February 21st 2024, 3:54:49 pm } [PH] info [32mdatabase connection successful[39m 
{February 21st 2024, 3:54:49 pm } [PH] info [33mserver started on port 2000[39m 
{February 21st 2024, 3:59:01 pm } [PH] info [32mdatabase connection successful[39m 
{February 21st 2024, 3:59:01 pm } [PH] info [33mserver started on port 2000[39m 
